<?xml version="1.0" encoding="UTF-8"?>
<!-- Generated by org.testng.reporters.JUnitXMLReporter -->
<testsuite ignored="0" hostname="LAPTOP-M5H01P5S" failures="0" tests="5" name="T" time="0.052" errors="0" timestamp="2022-02-17T19:48:28 EET">
  <testcase classname="tests.TestBase" name="@BeforeSuite StartDriver" time="0.066">
    <failure type="java.lang.IllegalStateException" message="The driver executable does not exist: D:\Selenium\swagelabs_QA_test\REE\ChromeDriver 91.0.4472.101.exe">
      <![CDATA[java.lang.IllegalStateException: The driver executable does not exist: D:\Selenium\swagelabs_QA_test\REE\ChromeDriver 91.0.4472.101.exe
at com.google.common.base.Preconditions.checkState(Preconditions.java:585)
at org.openqa.selenium.remote.service.DriverService.checkExecutable(DriverService.java:146)
at org.openqa.selenium.remote.service.DriverService.findExecutable(DriverService.java:141)
at org.openqa.selenium.chrome.ChromeDriverService.access$000(ChromeDriverService.java:35)
at org.openqa.selenium.chrome.ChromeDriverService$Builder.findDefaultExecutable(ChromeDriverService.java:159)
at org.openqa.selenium.remote.service.DriverService$Builder.build(DriverService.java:355)
at org.openqa.selenium.chrome.ChromeDriverService.createDefaultService(ChromeDriverService.java:94)
at org.openqa.selenium.chrome.ChromeDriver.<init>(ChromeDriver.java:157)
at tests.TestBase.StartDriver(TestBase.java:62)
... Removed 19 stack frames]]>
    </failure>
  </testcase> <!-- @BeforeSuite StartDriver -->
  <testcase classname="tests.TestBase" name="@BeforeMethod waitt" time="-1.645120108831E9">
    <skipped/>
  </testcase> <!-- @BeforeMethod waitt -->
  <testcase classname="tests.TestBase" name="@AfterMethod ScreenshotOnFailure" time="-1.645120108837E9">
    <skipped/>
  </testcase> <!-- @AfterMethod ScreenshotOnFailure -->
  <testcase classname="tests.TestBase" name="@BeforeMethod waitt" time="-1.645120108841E9">
    <skipped/>
  </testcase> <!-- @BeforeMethod waitt -->
  <testcase classname="tests.TestBase" name="@AfterMethod ScreenshotOnFailure" time="-1.645120108845E9">
    <skipped/>
  </testcase> <!-- @AfterMethod ScreenshotOnFailure -->
  <testcase classname="tests.TestBase" name="@BeforeMethod waitt" time="-1.645120108847E9">
    <skipped/>
  </testcase> <!-- @BeforeMethod waitt -->
  <testcase classname="tests.TestBase" name="@AfterMethod ScreenshotOnFailure" time="-1.64512010885E9">
    <skipped/>
  </testcase> <!-- @AfterMethod ScreenshotOnFailure -->
  <testcase classname="tests.TestBase" name="@BeforeMethod waitt" time="-1.645120108851E9">
    <skipped/>
  </testcase> <!-- @BeforeMethod waitt -->
  <testcase classname="tests.TestBase" name="@AfterMethod ScreenshotOnFailure" time="-1.645120108854E9">
    <skipped/>
  </testcase> <!-- @AfterMethod ScreenshotOnFailure -->
  <testcase classname="tests.TestBase" name="@BeforeMethod waitt" time="-1.645120108855E9">
    <skipped/>
  </testcase> <!-- @BeforeMethod waitt -->
  <testcase classname="tests.TestBase" name="@AfterMethod ScreenshotOnFailure" time="-1.645120108857E9">
    <skipped/>
  </testcase> <!-- @AfterMethod ScreenshotOnFailure -->
  <testcase classname="tests.ProcessCheckoutTest" name="Login_To_Website_Using_Valid_Data" time="0.0">
    <skipped/>
  </testcase> <!-- Login_To_Website_Using_Valid_Data -->
  <testcase classname="tests.ProcessCheckoutTest" name="Sort_lowest_price" time="0.0">
    <skipped/>
  </testcase> <!-- Sort_lowest_price -->
  <testcase classname="tests.ProcessCheckoutTest" name="Adding_product_to_cart_and_open_the_cart" time="0.0">
    <skipped/>
  </testcase> <!-- Adding_product_to_cart_and_open_the_cart -->
  <testcase classname="tests.ProcessCheckoutTest" name="Add_required_data_in_your_information_screen" time="0.0">
    <skipped/>
  </testcase> <!-- Add_required_data_in_your_information_screen -->
  <testcase classname="tests.ProcessCheckoutTest" name="Complete_checkout_process" time="0.0">
    <skipped/>
  </testcase> <!-- Complete_checkout_process -->
</testsuite> <!-- T -->
